<?xml version="1.0" encoding="UTF-8"?>
<testsuite xmlns:xsi="http://www.w3.org/2001/XMLSchema-instance" xsi:noNamespaceSchemaLocation="https://maven.apache.org/surefire/maven-surefire-plugin/xsd/surefire-test-report-3.0.xsd" version="3.0" name="ro.semanticweb.bookhomework.BookRecommendationApplicationTests" time="2.621" tests="1" errors="0" skipped="0" failures="0">
  <properties>
[...]
</properties>
  <testcase name="contextLoads" classname="ro.semanticweb.bookhomework.BookRecommendationApplicationTests" time="0.69">
    <system-out><![CDATA[17:48:52.247 [main] INFO org.springframework.test.context.support.AnnotationConfigContextLoaderUtils -- Could not detect default configuration classes for test class [ro.semanticweb.bookhomework.BookRecommendationApplicationTests]: BookRecommendationApplicationTests does not declare any static, non-private, non-final, nested classes annotated with @Configuration.
17:48:52.336 [main] INFO org.springframework.boot.test.context.SpringBootTestContextBootstrapper -- Found @SpringBootConfiguration ro.semanticweb.bookhomework.BookRecommendationApplication for test class ro.semanticweb.bookhomework.BookRecommendationApplicationTests

  .   ____          _            __ _ _
 /\\ / ___'_ __ _ _(_)_ __  __ _ \ \ \ \
( ( )\___ | '_ | '_| | '_ \/ _` | \ \ \ \
 \\/  ___)| |_)| | | | | || (_| |  ) ) ) )
  '  |____| .__|_| |_|_| |_\__, | / / / /
 =========|_|==============|___/=/_/_/_/

 :: Spring Boot ::               (v3.3.11)

2026-05-17T17:48:52.702+03:00  INFO 9804 --- [book-recommendation-homework] [           main] r.s.b.BookRecommendationApplicationTests : Starting BookRecommendationApplicationTests using Java 21.0.7 with PID 9804 (started by Stefy in C:\Cursor\AN4\sem2\SeWeb\bighw2)
2026-05-17T17:48:52.703+03:00  INFO 9804 --- [book-recommendation-homework] [           main] r.s.b.BookRecommendationApplicationTests : No active profile set, falling back to 1 default profile: "default"
2026-05-17T17:48:54.038+03:00  INFO 9804 --- [book-recommendation-homework] [           main] r.s.b.BookRecommendationApplicationTests : Started BookRecommendationApplicationTests in 1.589 seconds (process running for 2.363)
]]></system-out>
    <system-err><![CDATA[WARNING: A Java agent has been loaded dynamically (C:\Users\Stefy\.m2\repository\net\bytebuddy\byte-buddy-agent\1.14.19\byte-buddy-agent-1.14.19.jar)
WARNING: If a serviceability tool is in use, please run with -XX:+EnableDynamicAgentLoading to hide this warning
WARNING: If a serviceability tool is not in use, please run with -Djdk.instrument.traceUsage for more information
WARNING: Dynamic loading of agents will be disallowed by default in a future release
]]></system-err>
  </testcase>
</testsuite>